Start testing: May 12 12:42 -05
----------------------------------------------------------
1/3 Testing: FactorialTest.HandlesZero
1/3 Test: FactorialTest.HandlesZero
Command: "/mnt/e/OCTAVO SEMESTRE/CONSTRUCCIÓN/PARCIAL 1/PRUEBAS_UNITARIAS_C-/build/test/factorial_test" "--gtest_filter=FactorialTest.HandlesZero" "--gtest_also_run_disabled_tests"
Directory: /mnt/e/OCTAVO SEMESTRE/CONSTRUCCIÓN/PARCIAL 1/PRUEBAS_UNITARIAS_C-/build/test
"FactorialTest.HandlesZero" start time: May 12 12:42 -05
Output:
----------------------------------------------------------
Running main() from /mnt/e/OCTAVO SEMESTRE/CONSTRUCCIÓN/PARCIAL 1/PRUEBAS_UNITARIAS_C-/build/_deps/googletest-src/googletest/src/gtest_main.cc
Note: Google Test filter = FactorialTest.HandlesZero
[==========] Running 1 test from 1 test suite.
[----------] Global test environment set-up.
[----------] 1 test from FactorialTest
[ RUN      ] FactorialTest.HandlesZero
[       OK ] FactorialTest.HandlesZero (0 ms)
[----------] 1 test from FactorialTest (0 ms total)

[----------] Global test environment tear-down
[==========] 1 test from 1 test suite ran. (0 ms total)
[  PASSED  ] 1 test.
<end of output>
Test time =   0.07 sec
----------------------------------------------------------
Test Passed.
"FactorialTest.HandlesZero" end time: May 12 12:42 -05
"FactorialTest.HandlesZero" time elapsed: 00:00:00
----------------------------------------------------------

2/3 Testing: FactorialTest.HandlesPositive
2/3 Test: FactorialTest.HandlesPositive
Command: "/mnt/e/OCTAVO SEMESTRE/CONSTRUCCIÓN/PARCIAL 1/PRUEBAS_UNITARIAS_C-/build/test/factorial_test" "--gtest_filter=FactorialTest.HandlesPositive" "--gtest_also_run_disabled_tests"
Directory: /mnt/e/OCTAVO SEMESTRE/CONSTRUCCIÓN/PARCIAL 1/PRUEBAS_UNITARIAS_C-/build/test
"FactorialTest.HandlesPositive" start time: May 12 12:42 -05
Output:
----------------------------------------------------------
Running main() from /mnt/e/OCTAVO SEMESTRE/CONSTRUCCIÓN/PARCIAL 1/PRUEBAS_UNITARIAS_C-/build/_deps/googletest-src/googletest/src/gtest_main.cc
Note: Google Test filter = FactorialTest.HandlesPositive
[==========] Running 1 test from 1 test suite.
[----------] Global test environment set-up.
[----------] 1 test from FactorialTest
[ RUN      ] FactorialTest.HandlesPositive
[       OK ] FactorialTest.HandlesPositive (0 ms)
[----------] 1 test from FactorialTest (0 ms total)

[----------] Global test environment tear-down
[==========] 1 test from 1 test suite ran. (0 ms total)
[  PASSED  ] 1 test.
<end of output>
Test time =   0.07 sec
----------------------------------------------------------
Test Passed.
"FactorialTest.HandlesPositive" end time: May 12 12:42 -05
"FactorialTest.HandlesPositive" time elapsed: 00:00:00
----------------------------------------------------------

3/3 Testing: FactorialTest.HandlesNegative
3/3 Test: FactorialTest.HandlesNegative
Command: "/mnt/e/OCTAVO SEMESTRE/CONSTRUCCIÓN/PARCIAL 1/PRUEBAS_UNITARIAS_C-/build/test/factorial_test" "--gtest_filter=FactorialTest.HandlesNegative" "--gtest_also_run_disabled_tests"
Directory: /mnt/e/OCTAVO SEMESTRE/CONSTRUCCIÓN/PARCIAL 1/PRUEBAS_UNITARIAS_C-/build/test
"FactorialTest.HandlesNegative" start time: May 12 12:42 -05
Output:
----------------------------------------------------------
Running main() from /mnt/e/OCTAVO SEMESTRE/CONSTRUCCIÓN/PARCIAL 1/PRUEBAS_UNITARIAS_C-/build/_deps/googletest-src/googletest/src/gtest_main.cc
Note: Google Test filter = FactorialTest.HandlesNegative
[==========] Running 1 test from 1 test suite.
[----------] Global test environment set-up.
[----------] 1 test from FactorialTest
[ RUN      ] FactorialTest.HandlesNegative
[       OK ] FactorialTest.HandlesNegative (0 ms)
[----------] 1 test from FactorialTest (0 ms total)

[----------] Global test environment tear-down
[==========] 1 test from 1 test suite ran. (0 ms total)
[  PASSED  ] 1 test.
<end of output>
Test time =   0.08 sec
----------------------------------------------------------
Test Passed.
"FactorialTest.HandlesNegative" end time: May 12 12:42 -05
"FactorialTest.HandlesNegative" time elapsed: 00:00:00
----------------------------------------------------------

End testing: May 12 12:42 -05
